TN:
SF:app.js
FN:17,(anonymous_0)
FN:27,(anonymous_1)
FN:39,(anonymous_2)
FNF:3
FNH:3
FNDA:1,(anonymous_0)
FNDA:1,(anonymous_1)
FNDA:1,(anonymous_2)
DA:1,1
DA:2,1
DA:3,1
DA:4,1
DA:5,1
DA:6,1
DA:7,1
DA:8,1
DA:9,1
DA:10,1
DA:11,1
DA:13,1
DA:15,1
DA:16,1
DA:17,1
DA:18,1
DA:21,1
DA:22,1
DA:27,1
DA:28,1
DA:32,1
DA:33,1
DA:34,1
DA:35,1
DA:36,1
DA:39,1
DA:40,1
DA:41,1
DA:48,1
DA:50,0
DA:54,1
DA:56,1
LF:32
LH:31
BRDA:15,0,0,1
BRDA:15,0,1,0
BRF:2
BRH:1
end_of_record
TN:
SF:controllers/adminController.js
FN:20,(anonymous_0)
FN:51,(anonymous_1)
FNF:2
FNH:0
FNDA:0,(anonymous_0)
FNDA:0,(anonymous_1)
DA:1,1
DA:2,1
DA:3,1
DA:4,1
DA:5,1
DA:6,1
DA:7,1
DA:8,1
DA:9,1
DA:10,1
DA:11,1
DA:13,1
DA:14,1
DA:16,1
DA:17,1
DA:20,1
DA:21,0
DA:22,0
DA:27,0
DA:33,0
DA:37,0
DA:45,0
DA:47,0
DA:51,1
DA:52,0
DA:55,0
DA:56,0
DA:63,0
DA:74,0
DA:76,0
DA:80,1
LF:31
LH:18
BRDA:55,0,0,0
BRDA:55,0,1,0
BRF:2
BRH:0
end_of_record
TN:
SF:controllers/authControllers.js
FN:9,(anonymous_0)
FN:13,(anonymous_1)
FN:17,(anonymous_2)
FN:37,(anonymous_3)
FN:76,(anonymous_4)
FNF:5
FNH:2
FNDA:0,(anonymous_0)
FNDA:0,(anonymous_1)
FNDA:0,(anonymous_2)
FNDA:1,(anonymous_3)
FNDA:9,(anonymous_4)
DA:1,1
DA:2,1
DA:3,1
DA:4,1
DA:5,1
DA:6,1
DA:7,1
DA:8,1
DA:9,1
DA:10,0
DA:13,1
DA:14,0
DA:17,1
DA:18,0
DA:22,0
DA:28,0
DA:29,0
DA:30,0
DA:32,0
DA:37,1
DA:39,1
DA:41,1
DA:43,1
DA:44,1
DA:45,1
DA:47,1
DA:48,0
DA:51,1
DA:53,0
DA:54,0
DA:57,0
DA:58,0
DA:60,0
DA:62,0
DA:63,0
DA:65,0
DA:69,0
DA:70,0
DA:76,1
DA:77,9
DA:79,9
DA:80,9
DA:82,9
DA:84,8
DA:86,8
DA:87,1
DA:89,7
DA:90,7
DA:91,7
DA:95,0
DA:99,1
LF:51
LH:31
BRDA:47,0,0,0
BRDA:47,0,1,1
BRDA:51,1,0,1
BRDA:51,1,1,0
BRDA:53,2,0,0
BRDA:53,2,1,0
BRDA:82,3,0,1
BRDA:82,3,1,8
BRDA:86,4,0,1
BRDA:86,4,1,7
BRF:10
BRH:6
end_of_record
TN:
SF:controllers/notificationController.js
FN:11,(anonymous_0)
FN:16,(anonymous_1)
FNF:2
FNH:0
FNDA:0,(anonymous_0)
FNDA:0,(anonymous_1)
DA:1,1
DA:2,1
DA:3,1
DA:4,1
DA:5,1
DA:6,1
DA:7,1
DA:8,1
DA:9,1
DA:11,1
DA:12,0
DA:16,1
DA:17,0
DA:18,0
DA:20,0
DA:24,1
LF:16
LH:12
BRF:0
BRH:0
end_of_record
TN:
SF:controllers/productCommentController.js
FN:21,(anonymous_0)
FN:76,(anonymous_1)
FNF:2
FNH:0
FNDA:0,(anonymous_0)
FNDA:0,(anonymous_1)
DA:1,1
DA:2,1
DA:3,1
DA:4,1
DA:5,1
DA:6,1
DA:7,1
DA:8,1
DA:9,1
DA:10,1
DA:12,1
DA:14,1
DA:15,1
DA:17,1
DA:18,1
DA:21,1
DA:23,0
DA:24,0
DA:25,0
DA:28,0
DA:31,0
DA:39,0
DA:41,0
DA:43,0
DA:49,0
DA:51,0
DA:54,0
DA:62,0
DA:67,0
DA:69,0
DA:76,1
DA:78,0
DA:79,0
DA:80,0
DA:81,0
DA:82,0
DA:84,0
DA:89,1
LF:38
LH:18
BRDA:28,0,0,0
BRDA:28,0,1,0
BRDA:80,1,0,0
BRDA:80,1,1,0
BRF:4
BRH:0
end_of_record
TN:
SF:controllers/productOrderController.js
FN:20,(anonymous_0)
FN:139,(anonymous_1)
FN:152,(anonymous_2)
FN:232,(anonymous_3)
FN:312,(anonymous_4)
FN:328,(anonymous_5)
FN:393,(anonymous_6)
FNF:7
FNH:4
FNDA:5,(anonymous_0)
FNDA:5,(anonymous_1)
FNDA:2,(anonymous_2)
FNDA:0,(anonymous_3)
FNDA:5,(anonymous_4)
FNDA:0,(anonymous_5)
FNDA:0,(anonymous_6)
DA:1,1
DA:2,1
DA:3,1
DA:4,1
DA:5,1
DA:6,1
DA:7,1
DA:8,1
DA:9,1
DA:11,1
DA:12,1
DA:14,1
DA:15,1
DA:20,1
DA:22,5
DA:24,5
DA:26,5
DA:32,5
DA:46,5
DA:47,0
DA:48,0
DA:51,5
DA:54,5
DA:56,5
DA:57,5
DA:60,0
DA:61,0
DA:64,0
DA:65,0
DA:68,0
DA:69,0
DA:71,0
DA:72,0
DA:75,0
DA:76,0
DA:80,0
DA:98,0
DA:110,0
DA:112,0
DA:114,0
DA:121,0
DA:129,0
DA:130,0
DA:131,0
DA:132,0
DA:135,0
DA:139,1
DA:141,5
DA:144,5
DA:145,5
DA:149,5
DA:152,1
DA:154,2
DA:157,2
DA:171,2
DA:184,2
DA:185,2
DA:188,0
DA:192,0
DA:205,0
DA:206,0
DA:208,0
DA:215,0
DA:224,0
DA:225,0
DA:228,0
DA:232,1
DA:234,0
DA:237,0
DA:251,0
DA:264,0
DA:265,0
DA:268,0
DA:272,0
DA:285,0
DA:286,0
DA:288,0
DA:295,0
DA:304,0
DA:305,0
DA:308,0
DA:312,1
DA:314,5
DA:317,5
DA:318,5
DA:323,5
DA:328,1
DA:330,0
DA:333,0
DA:347,0
DA:360,0
DA:361,0
DA:365,0
DA:367,0
DA:369,0
DA:376,0
DA:385,0
DA:386,0
DA:389,0
DA:393,1
DA:395,0
DA:398,0
DA:412,0
DA:425,0
DA:426,0
DA:430,0
DA:432,0
DA:434,0
DA:441,0
DA:450,0
DA:451,0
DA:454,0
DA:460,1
LF:113
LH:43
BRDA:46,0,0,0
BRDA:46,0,1,5
BRDA:46,1,0,5
BRDA:46,1,1,5
BRDA:56,2,0,5
BRDA:56,2,1,0
BRDA:60,3,0,0
BRDA:60,3,1,0
BRDA:64,4,0,0
BRDA:64,4,1,0
BRDA:68,5,0,0
BRDA:68,5,1,0
BRDA:71,6,0,0
BRDA:71,6,1,0
BRDA:75,7,0,0
BRDA:75,7,1,0
BRDA:184,8,0,2
BRDA:184,8,1,0
BRDA:184,9,0,2
BRDA:184,9,1,0
BRDA:264,10,0,0
BRDA:264,10,1,0
BRDA:264,11,0,0
BRDA:264,11,1,0
BRDA:360,12,0,0
BRDA:360,12,1,0
BRDA:360,13,0,0
BRDA:360,13,1,0
BRDA:425,14,0,0
BRDA:425,14,1,0
BRDA:425,15,0,0
BRDA:425,15,1,0
BRF:32
BRH:6
end_of_record
TN:
SF:controllers/productPaymentControllers.js
FN:18,(anonymous_0)
FN:35,(anonymous_1)
FN:41,(anonymous_2)
FN:95,(anonymous_3)
FN:111,(anonymous_4)
FN:172,(anonymous_5)
FN:175,(anonymous_6)
FN:178,(anonymous_7)
FNF:8
FNH:2
FNDA:1,(anonymous_0)
FNDA:1,(anonymous_1)
FNDA:0,(anonymous_2)
FNDA:0,(anonymous_3)
FNDA:0,(anonymous_4)
FNDA:0,(anonymous_5)
FNDA:0,(anonymous_6)
FNDA:0,(anonymous_7)
DA:1,1
DA:2,1
DA:3,1
DA:4,1
DA:5,1
DA:6,1
DA:7,1
DA:8,1
DA:9,1
DA:10,1
DA:12,1
DA:13,1
DA:15,1
DA:16,1
DA:18,1
DA:19,1
DA:22,1
DA:28,1
DA:29,1
DA:32,0
DA:35,1
DA:38,1
DA:41,1
DA:43,0
DA:46,0
DA:47,0
DA:53,0
DA:54,0
DA:57,0
DA:94,0
DA:95,0
DA:100,0
DA:101,0
DA:103,0
DA:111,1
DA:112,0
DA:114,0
DA:115,0
DA:129,0
DA:143,0
DA:144,0
DA:146,0
DA:148,0
DA:150,0
DA:157,0
DA:166,0
DA:167,0
DA:169,0
DA:172,1
DA:173,0
DA:175,1
DA:176,0
DA:178,1
DA:179,0
DA:183,1
LF:55
LH:27
BRDA:28,0,0,1
BRDA:28,0,1,0
BRDA:53,1,0,0
BRDA:53,1,1,0
BRDA:100,2,0,0
BRDA:100,2,1,0
BRF:6
BRH:1
end_of_record
TN:
SF:controllers/productQualityController.js
FN:19,(anonymous_0)
FNF:1
FNH:0
FNDA:0,(anonymous_0)
DA:1,1
DA:2,1
DA:3,1
DA:4,1
DA:5,1
DA:6,1
DA:7,1
DA:8,1
DA:9,1
DA:11,1
DA:12,1
DA:14,1
DA:15,1
DA:19,1
DA:20,0
DA:22,0
DA:23,0
DA:26,0
DA:30,0
DA:31,0
DA:35,0
DA:37,0
DA:38,0
DA:39,0
DA:41,0
DA:54,0
DA:71,0
DA:75,0
DA:82,0
DA:84,0
DA:88,1
LF:31
LH:15
BRDA:22,0,0,0
BRDA:22,0,1,0
BRDA:30,1,0,0
BRDA:30,1,1,0
BRF:4
BRH:0
end_of_record
TN:
SF:controllers/productUploadEditControllers.js
FN:10,(anonymous_0)
FN:16,(anonymous_1)
FN:84,(anonymous_2)
FN:135,(anonymous_3)
FN:175,(anonymous_4)
FN:186,(anonymous_5)
FNF:6
FNH:3
FNDA:0,(anonymous_0)
FNDA:1,(anonymous_1)
FNDA:2,(anonymous_2)
FNDA:0,(anonymous_3)
FNDA:1,(anonymous_4)
FNDA:0,(anonymous_5)
DA:1,1
DA:2,1
DA:3,1
DA:5,1
DA:6,1
DA:8,1
DA:9,1
DA:10,1
DA:11,0
DA:16,1
DA:18,1
DA:20,1
DA:48,1
DA:49,1
DA:53,0
DA:54,0
DA:55,0
DA:56,0
DA:59,0
DA:61,0
DA:63,0
DA:70,0
DA:76,0
DA:77,0
DA:79,0
DA:84,1
DA:85,2
DA:86,2
DA:87,2
DA:88,2
DA:93,2
DA:98,2
DA:100,0
DA:101,0
DA:104,0
DA:105,0
DA:107,0
DA:109,0
DA:111,0
DA:118,0
DA:126,0
DA:127,0
DA:130,0
DA:135,1
DA:137,0
DA:141,0
DA:156,0
DA:157,0
DA:166,0
DA:167,0
DA:170,0
DA:172,0
DA:175,1
DA:176,1
DA:177,1
DA:182,1
DA:186,1
DA:188,0
DA:190,0
DA:202,0
DA:211,0
DA:213,0
DA:220,1
LF:63
LH:27
BRDA:48,0,0,1
BRDA:48,0,1,0
BRDA:55,1,0,0
BRDA:55,1,1,0
BRDA:55,2,0,0
BRDA:55,2,1,0
BRDA:98,3,0,2
BRDA:98,3,1,0
BRDA:100,4,0,0
BRDA:100,4,1,0
BRDA:104,5,0,0
BRDA:104,5,1,0
BRDA:166,6,0,0
BRDA:166,6,1,0
BRF:14
BRH:2
end_of_record
TN:
SF:controllers/productViewControllers.js
FN:11,(anonymous_0)
FN:16,(anonymous_1)
FNF:2
FNH:1
FNDA:0,(anonymous_0)
FNDA:3,(anonymous_1)
DA:1,1
DA:2,1
DA:3,1
DA:5,1
DA:6,1
DA:8,1
DA:9,1
DA:11,1
DA:12,0
DA:16,1
DA:18,3
DA:20,3
DA:22,3
DA:28,3
DA:29,3
DA:35,3
DA:38,1
LF:17
LH:16
BRF:0
BRH:0
end_of_record
TN:
SF:controllers/userRoleControllers.js
FN:9,(anonymous_0)
FN:13,(anonymous_1)
FN:19,(anonymous_2)
FN:43,(anonymous_3)
FN:76,(anonymous_4)
FNF:5
FNH:0
FNDA:0,(anonymous_0)
FNDA:0,(anonymous_1)
FNDA:0,(anonymous_2)
FNDA:0,(anonymous_3)
FNDA:0,(anonymous_4)
DA:1,1
DA:2,1
DA:3,1
DA:4,1
DA:5,1
DA:7,1
DA:8,1
DA:9,1
DA:10,0
DA:13,1
DA:14,0
DA:15,0
DA:19,1
DA:21,0
DA:23,0
DA:25,0
DA:27,0
DA:28,0
DA:30,0
DA:32,0
DA:37,0
DA:43,1
DA:45,0
DA:47,0
DA:49,0
DA:50,0
DA:52,0
DA:53,0
DA:61,0
DA:63,0
DA:69,0
DA:70,0
DA:76,1
DA:78,0
DA:80,0
DA:82,0
DA:83,0
DA:85,0
DA:86,0
DA:95,0
DA:96,0
DA:105,0
DA:112,0
DA:118,1
LF:44
LH:13
BRDA:27,0,0,0
BRDA:27,0,1,0
BRDA:52,1,0,0
BRDA:52,1,1,0
BRDA:52,2,0,0
BRDA:52,2,1,0
BRDA:85,3,0,0
BRDA:85,3,1,0
BRDA:95,4,0,0
BRDA:95,4,1,0
BRF:10
BRH:0
end_of_record
TN:
SF:middleware/authMiddleware.js
FN:17,(anonymous_0)
FN:24,(anonymous_1)
FN:34,(anonymous_2)
FN:42,(anonymous_3)
FN:60,(anonymous_4)
FN:68,(anonymous_5)
FN:86,(anonymous_6)
FN:94,(anonymous_7)
FN:111,(anonymous_8)
FN:119,(anonymous_9)
FNF:10
FNH:4
FNDA:23,(anonymous_0)
FNDA:22,(anonymous_1)
FNDA:0,(anonymous_2)
FNDA:0,(anonymous_3)
FNDA:0,(anonymous_4)
FNDA:0,(anonymous_5)
FNDA:0,(anonymous_6)
FNDA:0,(anonymous_7)
FNDA:1,(anonymous_8)
FNDA:1,(anonymous_9)
DA:1,1
DA:2,1
DA:3,1
DA:5,1
DA:6,1
DA:7,1
DA:8,1
DA:10,1
DA:11,1
DA:12,1
DA:13,1
DA:17,1
DA:19,23
DA:20,23
DA:22,23
DA:24,22
DA:25,22
DA:26,22
DA:27,22
DA:34,1
DA:37,0
DA:38,0
DA:40,0
DA:42,0
DA:43,0
DA:45,0
DA:46,0
DA:47,0
DA:50,0
DA:60,1
DA:63,0
DA:64,0
DA:66,0
DA:68,0
DA:69,0
DA:71,0
DA:72,0
DA:73,0
DA:76,0
DA:86,1
DA:89,0
DA:90,0
DA:92,0
DA:94,0
DA:95,0
DA:97,0
DA:98,0
DA:99,0
DA:101,0
DA:111,1
DA:114,1
DA:115,1
DA:117,1
DA:119,1
DA:120,1
DA:122,1
DA:123,1
DA:124,1
DA:126,0
DA:135,1
LF:60
LH:32
BRDA:20,0,0,23
BRDA:20,0,1,22
BRDA:22,1,0,1
BRDA:22,1,1,22
BRDA:25,2,0,0
BRDA:25,2,1,22
BRDA:38,3,0,0
BRDA:38,3,1,0
BRDA:40,4,0,0
BRDA:40,4,1,0
BRDA:43,5,0,0
BRDA:43,5,1,0
BRDA:45,6,0,0
BRDA:45,6,1,0
BRDA:64,7,0,0
BRDA:64,7,1,0
BRDA:66,8,0,0
BRDA:66,8,1,0
BRDA:69,9,0,0
BRDA:69,9,1,0
BRDA:71,10,0,0
BRDA:71,10,1,0
BRDA:90,11,0,0
BRDA:90,11,1,0
BRDA:92,12,0,0
BRDA:92,12,1,0
BRDA:95,13,0,0
BRDA:95,13,1,0
BRDA:97,14,0,0
BRDA:97,14,1,0
BRDA:115,15,0,1
BRDA:115,15,1,1
BRDA:117,16,0,0
BRDA:117,16,1,1
BRDA:120,17,0,0
BRDA:120,17,1,1
BRDA:122,18,0,1
BRDA:122,18,1,0
BRDA:122,19,0,1
BRDA:122,19,1,1
BRF:40
BRH:12
end_of_record
TN:
SF:model/notificationModel.js
FNF:0
FNH:0
DA:1,1
DA:4,1
DA:9,1
DA:14,1
DA:20,1
DA:29,1
LF:6
LH:6
BRF:0
BRH:0
end_of_record
TN:
SF:model/productBuyRequestModel.js
FNF:0
FNH:0
DA:1,1
DA:4,1
DA:9,1
DA:14,1
DA:19,1
DA:24,1
DA:30,1
DA:36,1
DA:43,1
DA:66,1
LF:10
LH:10
BRF:0
BRH:0
end_of_record
TN:
SF:model/productCommentModel.js
FNF:0
FNH:0
DA:1,1
DA:3,1
DA:9,1
DA:21,1
DA:36,1
DA:46,1
LF:6
LH:6
BRF:0
BRH:0
end_of_record
TN:
SF:model/productModel.js
FNF:0
FNH:0
DA:1,1
DA:4,1
DA:9,1
DA:14,1
DA:19,1
DA:24,1
DA:29,1
DA:35,1
DA:40,1
DA:46,1
DA:52,1
DA:57,1
DA:69,1
DA:103,1
LF:14
LH:14
BRF:0
BRH:0
end_of_record
TN:
SF:model/productOrderRequestModel.js
FNF:0
FNH:0
DA:1,1
DA:4,1
DA:9,1
DA:14,1
DA:19,1
DA:24,1
DA:30,1
DA:36,1
DA:42,1
DA:49,1
DA:69,1
LF:11
LH:11
BRF:0
BRH:0
end_of_record
TN:
SF:model/reportModel.js
FNF:0
FNH:0
DA:1,1
DA:4,1
DA:9,1
DA:14,1
DA:20,1
DA:25,1
LF:6
LH:6
BRF:0
BRH:0
end_of_record
TN:
SF:model/userModel.js
FNF:0
FNH:0
DA:1,1
DA:4,1
DA:9,1
DA:14,1
DA:20,1
DA:31,1
LF:6
LH:6
BRF:0
BRH:0
end_of_record
TN:
SF:model/userRole.js
FNF:0
FNH:0
DA:1,1
DA:4,1
DA:10,1
DA:16,1
DA:22,1
LF:5
LH:5
BRF:0
BRH:0
end_of_record
TN:
SF:routers/adminRouters.js
FNF:0
FNH:0
DA:1,1
DA:2,1
DA:4,1
DA:7,1
DA:10,1
DA:12,1
DA:13,1
DA:15,1
LF:8
LH:8
BRF:0
BRH:0
end_of_record
TN:
SF:routers/authRoutes.js
FNF:0
FNH:0
DA:1,1
DA:2,1
DA:6,1
DA:8,1
DA:11,1
DA:14,1
DA:15,1
DA:16,1
DA:17,1
DA:18,1
DA:20,1
LF:11
LH:11
BRF:0
BRH:0
end_of_record
TN:
SF:routers/notificationRoutes.js
FNF:0
FNH:0
DA:1,1
DA:2,1
DA:4,1
DA:6,1
DA:9,1
DA:11,1
DA:13,1
LF:7
LH:7
BRF:0
BRH:0
end_of_record
TN:
SF:routers/productRoutes.js
FNF:0
FNH:0
DA:1,1
DA:2,1
DA:6,1
DA:7,1
DA:9,1
DA:11,1
DA:13,1
DA:15,1
DA:16,1
DA:18,1
DA:21,1
DA:22,1
DA:23,1
DA:24,1
DA:25,1
DA:26,1
DA:27,1
DA:30,1
DA:31,1
DA:32,1
DA:33,1
DA:34,1
DA:35,1
DA:37,1
DA:40,1
DA:41,1
DA:43,1
DA:44,1
DA:45,1
DA:46,1
DA:47,1
DA:48,1
DA:49,1
DA:52,1
DA:54,1
DA:56,1
DA:57,1
DA:58,1
DA:59,1
DA:60,1
DA:62,1
LF:41
LH:41
BRF:0
BRH:0
end_of_record
TN:
SF:routers/roleRoutes.js
FNF:0
FNH:0
DA:1,1
DA:2,1
DA:6,1
DA:8,1
DA:11,1
DA:14,1
DA:15,1
DA:16,1
DA:17,1
DA:18,1
DA:20,1
LF:11
LH:11
BRF:0
BRH:0
end_of_record
