TN:
SF:app.js
FN:15,(anonymous_0)
FN:25,(anonymous_1)
FN:36,(anonymous_2)
FNF:3
FNH:3
FNDA:1,(anonymous_0)
FNDA:1,(anonymous_1)
FNDA:1,(anonymous_2)
DA:1,1
DA:2,1
DA:3,1
DA:4,1
DA:5,1
DA:6,1
DA:7,1
DA:8,1
DA:9,1
DA:11,1
DA:13,1
DA:14,1
DA:15,1
DA:16,1
DA:19,1
DA:20,1
DA:25,1
DA:26,1
DA:30,1
DA:31,1
DA:32,1
DA:36,1
DA:37,1
DA:38,1
DA:45,1
DA:47,0
DA:51,1
DA:53,1
LF:28
LH:27
BRDA:13,0,0,1
BRDA:13,0,1,0
BRF:2
BRH:1
end_of_record
TN:
SF:controllers/authControllers.js
FN:9,(anonymous_0)
FN:13,(anonymous_1)
FN:17,(anonymous_2)
FN:37,(anonymous_3)
FN:76,(anonymous_4)
FNF:5
FNH:2
FNDA:0,(anonymous_0)
FNDA:0,(anonymous_1)
FNDA:0,(anonymous_2)
FNDA:1,(anonymous_3)
FNDA:9,(anonymous_4)
DA:1,1
DA:2,1
DA:3,1
DA:4,1
DA:5,1
DA:6,1
DA:7,1
DA:8,1
DA:9,1
DA:10,0
DA:13,1
DA:14,0
DA:17,1
DA:18,0
DA:22,0
DA:28,0
DA:29,0
DA:30,0
DA:32,0
DA:37,1
DA:39,1
DA:41,1
DA:43,1
DA:44,1
DA:45,1
DA:47,1
DA:48,0
DA:51,1
DA:53,0
DA:54,0
DA:57,0
DA:58,0
DA:60,0
DA:62,0
DA:63,0
DA:65,0
DA:69,0
DA:70,0
DA:76,1
DA:77,9
DA:79,9
DA:80,9
DA:82,9
DA:84,8
DA:86,8
DA:87,1
DA:89,7
DA:90,7
DA:91,7
DA:95,0
DA:99,1
LF:51
LH:31
BRDA:47,0,0,0
BRDA:47,0,1,1
BRDA:51,1,0,1
BRDA:51,1,1,0
BRDA:53,2,0,0
BRDA:53,2,1,0
BRDA:82,3,0,1
BRDA:82,3,1,8
BRDA:86,4,0,1
BRDA:86,4,1,7
BRF:10
BRH:6
end_of_record
TN:
SF:controllers/productOrderController.js
FN:20,(anonymous_0)
FN:127,(anonymous_1)
FN:140,(anonymous_2)
FN:228,(anonymous_3)
FNF:4
FNH:4
FNDA:5,(anonymous_0)
FNDA:5,(anonymous_1)
FNDA:2,(anonymous_2)
FNDA:5,(anonymous_3)
DA:1,1
DA:2,1
DA:3,1
DA:4,1
DA:5,1
DA:6,1
DA:7,1
DA:8,1
DA:9,1
DA:11,1
DA:12,1
DA:14,1
DA:15,1
DA:20,1
DA:22,5
DA:24,5
DA:26,5
DA:34,5
DA:35,1
DA:36,1
DA:39,4
DA:42,4
DA:44,4
DA:45,1
DA:48,3
DA:49,1
DA:52,2
DA:53,1
DA:56,1
DA:57,1
DA:59,0
DA:60,0
DA:63,0
DA:64,0
DA:68,0
DA:86,0
DA:98,0
DA:100,0
DA:102,0
DA:109,0
DA:117,0
DA:118,0
DA:119,0
DA:120,0
DA:123,0
DA:127,1
DA:129,5
DA:132,5
DA:133,5
DA:137,5
DA:140,1
DA:142,2
DA:145,2
DA:159,2
DA:172,2
DA:173,2
DA:176,0
DA:178,0
DA:200,0
DA:202,0
DA:204,0
DA:211,0
DA:220,0
DA:221,0
DA:224,0
DA:228,1
DA:230,5
DA:233,5
DA:234,5
DA:239,5
DA:244,1
LF:71
LH:47
BRDA:34,0,0,1
BRDA:34,0,1,4
BRDA:44,1,0,1
BRDA:44,1,1,3
BRDA:48,2,0,1
BRDA:48,2,1,2
BRDA:52,3,0,1
BRDA:52,3,1,1
BRDA:56,4,0,1
BRDA:56,4,1,0
BRDA:59,5,0,0
BRDA:59,5,1,0
BRDA:63,6,0,0
BRDA:63,6,1,0
BRDA:172,7,0,2
BRDA:172,7,1,0
BRDA:172,8,0,2
BRDA:172,8,1,0
BRF:18
BRH:11
end_of_record
TN:
SF:controllers/productPaymentControllers.js
FN:18,(anonymous_0)
FN:35,(anonymous_1)
FN:41,(anonymous_2)
FN:95,(anonymous_3)
FN:111,(anonymous_4)
FN:172,(anonymous_5)
FN:175,(anonymous_6)
FN:178,(anonymous_7)
FNF:8
FNH:2
FNDA:1,(anonymous_0)
FNDA:1,(anonymous_1)
FNDA:0,(anonymous_2)
FNDA:0,(anonymous_3)
FNDA:0,(anonymous_4)
FNDA:0,(anonymous_5)
FNDA:0,(anonymous_6)
FNDA:0,(anonymous_7)
DA:1,1
DA:2,1
DA:3,1
DA:4,1
DA:5,1
DA:6,1
DA:7,1
DA:8,1
DA:9,1
DA:10,1
DA:12,1
DA:13,1
DA:15,1
DA:16,1
DA:18,1
DA:19,1
DA:22,1
DA:28,1
DA:29,1
DA:32,0
DA:35,1
DA:38,1
DA:41,1
DA:43,0
DA:46,0
DA:47,0
DA:53,0
DA:54,0
DA:57,0
DA:94,0
DA:95,0
DA:100,0
DA:101,0
DA:103,0
DA:111,1
DA:112,0
DA:114,0
DA:115,0
DA:129,0
DA:143,0
DA:144,0
DA:146,0
DA:148,0
DA:150,0
DA:157,0
DA:166,0
DA:167,0
DA:169,0
DA:172,1
DA:173,0
DA:175,1
DA:176,0
DA:178,1
DA:179,0
DA:183,1
LF:55
LH:27
BRDA:28,0,0,1
BRDA:28,0,1,0
BRDA:53,1,0,0
BRDA:53,1,1,0
BRDA:100,2,0,0
BRDA:100,2,1,0
BRF:6
BRH:1
end_of_record
TN:
SF:controllers/productUploadEditControllers.js
FN:10,(anonymous_0)
FN:16,(anonymous_1)
FN:70,(anonymous_2)
FN:121,(anonymous_3)
FN:160,(anonymous_4)
FNF:5
FNH:4
FNDA:0,(anonymous_0)
FNDA:1,(anonymous_1)
FNDA:3,(anonymous_2)
FNDA:1,(anonymous_3)
FNDA:1,(anonymous_4)
DA:1,1
DA:2,1
DA:3,1
DA:5,1
DA:6,1
DA:8,1
DA:9,1
DA:10,1
DA:11,0
DA:16,1
DA:18,1
DA:20,1
DA:41,1
DA:42,1
DA:45,0
DA:47,0
DA:49,0
DA:56,0
DA:62,0
DA:63,0
DA:65,0
DA:70,1
DA:71,3
DA:72,3
DA:73,3
DA:74,3
DA:79,3
DA:84,3
DA:86,1
DA:87,0
DA:90,1
DA:91,0
DA:93,1
DA:95,1
DA:97,1
DA:104,1
DA:112,1
DA:113,1
DA:116,1
DA:121,1
DA:123,1
DA:127,1
DA:141,1
DA:142,1
DA:151,1
DA:152,1
DA:155,0
DA:157,0
DA:160,1
DA:161,1
DA:162,1
DA:166,1
DA:171,1
LF:53
LH:41
BRDA:41,0,0,1
BRDA:41,0,1,0
BRDA:84,1,0,2
BRDA:84,1,1,1
BRDA:86,2,0,0
BRDA:86,2,1,1
BRDA:90,3,0,0
BRDA:90,3,1,1
BRDA:151,4,0,1
BRDA:151,4,1,0
BRF:10
BRH:6
end_of_record
TN:
SF:controllers/productViewControllers.js
FN:11,(anonymous_0)
FN:16,(anonymous_1)
FNF:2
FNH:1
FNDA:0,(anonymous_0)
FNDA:3,(anonymous_1)
DA:1,1
DA:2,1
DA:3,1
DA:5,1
DA:6,1
DA:8,1
DA:9,1
DA:11,1
DA:12,0
DA:16,1
DA:18,3
DA:23,3
DA:24,3
DA:28,3
DA:31,1
LF:15
LH:14
BRF:0
BRH:0
end_of_record
TN:
SF:controllers/userRoleControllers.js
FN:9,(anonymous_0)
FN:19,(anonymous_1)
FN:30,(anonymous_2)
FN:54,(anonymous_3)
FN:87,(anonymous_4)
FNF:5
FNH:0
FNDA:0,(anonymous_0)
FNDA:0,(anonymous_1)
FNDA:0,(anonymous_2)
FNDA:0,(anonymous_3)
FNDA:0,(anonymous_4)
DA:1,1
DA:2,1
DA:3,1
DA:4,1
DA:5,1
DA:7,1
DA:8,1
DA:9,1
DA:11,0
DA:12,0
DA:14,0
DA:19,1
DA:20,0
DA:21,0
DA:22,0
DA:24,0
DA:30,1
DA:32,0
DA:34,0
DA:36,0
DA:38,0
DA:39,0
DA:41,0
DA:43,0
DA:48,0
DA:54,1
DA:56,0
DA:58,0
DA:60,0
DA:61,0
DA:63,0
DA:64,0
DA:72,0
DA:74,0
DA:80,0
DA:81,0
DA:87,1
DA:89,0
DA:91,0
DA:93,0
DA:94,0
DA:96,0
DA:97,0
DA:106,0
DA:107,0
DA:116,0
DA:123,0
DA:129,1
LF:48
LH:13
BRDA:11,0,0,0
BRDA:11,0,1,0
BRDA:21,1,0,0
BRDA:21,1,1,0
BRDA:38,2,0,0
BRDA:38,2,1,0
BRDA:63,3,0,0
BRDA:63,3,1,0
BRDA:63,4,0,0
BRDA:63,4,1,0
BRDA:96,5,0,0
BRDA:96,5,1,0
BRDA:106,6,0,0
BRDA:106,6,1,0
BRF:14
BRH:0
end_of_record
TN:
SF:middleware/authMiddleware.js
FN:17,(anonymous_0)
FN:24,(anonymous_1)
FN:34,(anonymous_2)
FN:42,(anonymous_3)
FN:60,(anonymous_4)
FN:68,(anonymous_5)
FN:86,(anonymous_6)
FN:94,(anonymous_7)
FN:111,(anonymous_8)
FN:119,(anonymous_9)
FNF:10
FNH:4
FNDA:24,(anonymous_0)
FNDA:23,(anonymous_1)
FNDA:0,(anonymous_2)
FNDA:0,(anonymous_3)
FNDA:0,(anonymous_4)
FNDA:0,(anonymous_5)
FNDA:0,(anonymous_6)
FNDA:0,(anonymous_7)
FNDA:2,(anonymous_8)
FNDA:2,(anonymous_9)
DA:1,1
DA:2,1
DA:3,1
DA:5,1
DA:6,1
DA:7,1
DA:8,1
DA:10,1
DA:11,1
DA:12,1
DA:13,1
DA:17,1
DA:19,24
DA:20,24
DA:22,24
DA:24,23
DA:25,23
DA:26,23
DA:27,23
DA:34,1
DA:37,0
DA:38,0
DA:40,0
DA:42,0
DA:43,0
DA:45,0
DA:46,0
DA:47,0
DA:50,0
DA:60,1
DA:63,0
DA:64,0
DA:66,0
DA:68,0
DA:69,0
DA:71,0
DA:72,0
DA:73,0
DA:76,0
DA:86,1
DA:89,0
DA:90,0
DA:92,0
DA:94,0
DA:95,0
DA:97,0
DA:98,0
DA:99,0
DA:101,0
DA:111,1
DA:114,2
DA:115,2
DA:117,2
DA:119,2
DA:120,2
DA:122,2
DA:123,2
DA:124,2
DA:126,0
DA:135,1
LF:60
LH:32
BRDA:20,0,0,24
BRDA:20,0,1,23
BRDA:22,1,0,1
BRDA:22,1,1,23
BRDA:25,2,0,0
BRDA:25,2,1,23
BRDA:38,3,0,0
BRDA:38,3,1,0
BRDA:40,4,0,0
BRDA:40,4,1,0
BRDA:43,5,0,0
BRDA:43,5,1,0
BRDA:45,6,0,0
BRDA:45,6,1,0
BRDA:64,7,0,0
BRDA:64,7,1,0
BRDA:66,8,0,0
BRDA:66,8,1,0
BRDA:69,9,0,0
BRDA:69,9,1,0
BRDA:71,10,0,0
BRDA:71,10,1,0
BRDA:90,11,0,0
BRDA:90,11,1,0
BRDA:92,12,0,0
BRDA:92,12,1,0
BRDA:95,13,0,0
BRDA:95,13,1,0
BRDA:97,14,0,0
BRDA:97,14,1,0
BRDA:115,15,0,2
BRDA:115,15,1,2
BRDA:117,16,0,0
BRDA:117,16,1,2
BRDA:120,17,0,0
BRDA:120,17,1,2
BRDA:122,18,0,2
BRDA:122,18,1,0
BRDA:122,19,0,2
BRDA:122,19,1,2
BRF:40
BRH:12
end_of_record
TN:
SF:model/notificationModel.js
FNF:0
FNH:0
DA:1,1
DA:4,1
DA:9,1
DA:14,1
DA:20,1
DA:29,1
LF:6
LH:6
BRF:0
BRH:0
end_of_record
TN:
SF:model/productBuyRequestModel.js
FNF:0
FNH:0
DA:1,1
DA:4,1
DA:9,1
DA:14,1
DA:19,1
DA:24,1
DA:30,1
DA:36,1
DA:43,1
DA:65,1
LF:10
LH:10
BRF:0
BRH:0
end_of_record
TN:
SF:model/productModel.js
FNF:0
FNH:0
DA:1,1
DA:4,1
DA:9,1
DA:14,1
DA:19,1
DA:24,1
DA:29,1
DA:35,1
DA:41,1
DA:48,1
DA:83,1
LF:11
LH:11
BRF:0
BRH:0
end_of_record
TN:
SF:model/productOrderRequestModel.js
FNF:0
FNH:0
DA:1,1
DA:4,1
DA:9,1
DA:14,1
DA:19,1
DA:24,1
DA:30,1
DA:36,1
DA:43,1
DA:61,1
LF:10
LH:10
BRF:0
BRH:0
end_of_record
TN:
SF:model/userModel.js
FNF:0
FNH:0
DA:1,1
DA:4,1
DA:9,1
DA:14,1
DA:20,1
DA:31,1
LF:6
LH:6
BRF:0
BRH:0
end_of_record
TN:
SF:model/userRole.js
FNF:0
FNH:0
DA:1,1
DA:4,1
DA:10,1
DA:16,1
DA:22,1
LF:5
LH:5
BRF:0
BRH:0
end_of_record
TN:
SF:routers/authRoutes.js
FNF:0
FNH:0
DA:1,1
DA:2,1
DA:6,1
DA:8,1
DA:11,1
DA:14,1
DA:15,1
DA:16,1
DA:17,1
DA:18,1
DA:20,1
LF:11
LH:11
BRF:0
BRH:0
end_of_record
TN:
SF:routers/productRoutes.js
FNF:0
FNH:0
DA:1,1
DA:2,1
DA:6,1
DA:7,1
DA:9,1
DA:11,1
DA:13,1
DA:15,1
DA:18,1
DA:19,1
DA:20,1
DA:21,1
DA:22,1
DA:23,1
DA:26,1
DA:27,1
DA:28,1
DA:29,1
DA:30,1
DA:32,1
DA:34,1
DA:35,1
DA:36,1
DA:37,1
DA:39,1
DA:41,1
DA:42,1
DA:43,1
DA:44,1
DA:45,1
DA:47,1
LF:31
LH:31
BRF:0
BRH:0
end_of_record
TN:
SF:routers/roleRoutes.js
FNF:0
FNH:0
DA:1,1
DA:2,1
DA:6,1
DA:8,1
DA:11,1
DA:14,1
DA:15,1
DA:16,1
DA:17,1
DA:18,1
DA:20,1
LF:11
LH:11
BRF:0
BRH:0
end_of_record
